This file contains any messages produced by compilers while
running configure, to aid debugging if configure makes a mistake.

It was created by CppUTest configure 3.7.1, which was
generated by GNU Autoconf 2.69.  Invocation command line was

  $ ./configure 

## --------- ##
## Platform. ##
## --------- ##

hostname = dt-server1
uname -m = i686
uname -r = 2.6.43.8-1.fc15.i686
uname -s = Linux
uname -v = #1 SMP Mon Jun 4 20:28:56 UTC 2012

/usr/bin/uname -p = unknown
/bin/uname -X     = unknown

/bin/arch              = i686
/usr/bin/arch -k       = unknown
/usr/convex/getsysinfo = unknown
/usr/bin/hostinfo      = unknown
/bin/machine           = unknown
/usr/bin/oslevel       = unknown
/bin/universe          = unknown

PATH: /usr/java/latest/bin
PATH: /usr/lib/ccache
PATH: /usr/local/bin
PATH: /bin
PATH: /usr/bin
PATH: /usr/local/sbin
PATH: /usr/sbin
PATH: /sbin
PATH: /home/martin/bin


## ----------- ##
## Core tests. ##
## ----------- ##

configure:2621: checking for a BSD-compatible install
configure:2689: result: /usr/bin/install -c
configure:2700: checking whether build environment is sane
configure:2755: result: yes
configure:2906: checking for a thread-safe mkdir -p
configure:2945: result: /bin/mkdir -p
configure:2952: checking for gawk
configure:2968: found /bin/gawk
configure:2979: result: gawk
configure:2990: checking whether make sets $(MAKE)
configure:3012: result: yes
configure:3041: checking whether make supports nested variables
configure:3058: result: yes
configure:3222: checking build system type
configure:3236: result: i686-pc-linux-gnu
configure:3256: checking host system type
configure:3269: result: i686-pc-linux-gnu
configure:3310: checking how to print strings
configure:3337: result: printf
configure:3370: checking for style of include used by make
configure:3398: result: GNU
configure:3469: checking for gcc
configure:3485: found /usr/lib/ccache/gcc
configure:3496: result: gcc
configure:3725: checking for C compiler version
configure:3734: gcc --version >&5
gcc (GCC) 4.6.3 20120306 (Red Hat 4.6.3-2)
Copyright (C) 2011 Free Software Foundation, Inc.
This is free software; see the source for copying conditions.  There is NO
warranty; not even for MERCHANTABILITY or FITNESS FOR A PARTICULAR PURPOSE.

configure:3745: $? = 0
configure:3734: gcc -v >&5
Using built-in specs.
COLLECT_GCC=/usr/bin/gcc
COLLECT_LTO_WRAPPER=/usr/libexec/gcc/i686-redhat-linux/4.6.3/lto-wrapper
Target: i686-redhat-linux
Configured with: ../configure --prefix=/usr --mandir=/usr/share/man --infodir=/usr/share/info --with-bugurl=http://bugzilla.redhat.com/bugzilla --enable-bootstrap --enable-shared --enable-threads=posix --enable-checking=release --with-system-zlib --enable-__cxa_atexit --disable-libunwind-exceptions --enable-gnu-unique-object --enable-linker-build-id --enable-languages=c,c++,objc,obj-c++,java,fortran,ada,go,lto --enable-plugin --enable-java-awt=gtk --disable-dssi --with-java-home=/usr/lib/jvm/java-1.5.0-gcj-1.5.0.0/jre --enable-libgcj-multifile --enable-java-maintainer-mode --with-ecj-jar=/usr/share/java/eclipse-ecj.jar --disable-libjava-multilib --with-ppl --with-cloog --with-tune=generic --with-arch=i686 --build=i686-redhat-linux
Thread model: posix
gcc version 4.6.3 20120306 (Red Hat 4.6.3-2) (GCC) 
configure:3745: $? = 0
configure:3734: gcc -V >&5
gcc: error: unrecognized option '-V'
gcc: fatal error: no input files
compilation terminated.
configure:3745: $? = 4
configure:3734: gcc -qversion >&5
gcc: error: unrecognized option '-qversion'
gcc: fatal error: no input files
compilation terminated.
configure:3745: $? = 4
configure:3765: checking whether the C compiler works
configure:3787: gcc    conftest.c  >&5
configure:3791: $? = 0
configure:3839: result: yes
configure:3842: checking for C compiler default output file name
configure:3844: result: a.out
configure:3850: checking for suffix of executables
configure:3857: gcc -o conftest    conftest.c  >&5
configure:3861: $? = 0
configure:3883: result: 
configure:3905: checking whether we are cross compiling
configure:3913: gcc -o conftest    conftest.c  >&5
configure:3917: $? = 0
configure:3924: ./conftest
configure:3928: $? = 0
configure:3943: result: no
configure:3948: checking for suffix of object files
configure:3970: gcc -c   conftest.c >&5
configure:3974: $? = 0
configure:3995: result: o
configure:3999: checking whether we are using the GNU C compiler
configure:4018: gcc -c   conftest.c >&5
configure:4018: $? = 0
configure:4027: result: yes
configure:4036: checking whether gcc accepts -g
configure:4056: gcc -c -g  conftest.c >&5
configure:4056: $? = 0
configure:4097: result: yes
configure:4114: checking for gcc option to accept ISO C89
configure:4177: gcc  -c -g -O2  conftest.c >&5
configure:4177: $? = 0
configure:4190: result: none needed
configure:4215: checking whether gcc understands -c and -o together
configure:4237: gcc -c conftest.c -o conftest2.o
configure:4240: $? = 0
configure:4237: gcc -c conftest.c -o conftest2.o
configure:4240: $? = 0
configure:4252: result: yes
configure:4271: checking dependency style of gcc
configure:4382: result: gcc3
configure:4397: checking for a sed that does not truncate output
configure:4461: result: /bin/sed
configure:4479: checking for grep that handles long lines and -e
configure:4537: result: /bin/grep
configure:4542: checking for egrep
configure:4604: result: /bin/grep -E
configure:4609: checking for fgrep
configure:4671: result: /bin/grep -F
configure:4706: checking for ld used by gcc
configure:4773: result: /usr/bin/ld
configure:4780: checking if the linker (/usr/bin/ld) is GNU ld
configure:4795: result: yes
configure:4807: checking for BSD- or MS-compatible name lister (nm)
configure:4856: result: /usr/bin/nm -B
configure:4986: checking the name lister (/usr/bin/nm -B) interface
configure:4993: gcc -c -g -O2  conftest.c >&5
configure:4996: /usr/bin/nm -B "conftest.o"
configure:4999: output
00000000 B some_variable
configure:5006: result: BSD nm
configure:5009: checking whether ln -s works
configure:5013: result: yes
configure:5021: checking the maximum length of command line arguments
configure:5151: result: 1572864
configure:5168: checking whether the shell understands some XSI constructs
configure:5178: result: yes
configure:5182: checking whether the shell understands "+="
configure:5188: result: yes
configure:5223: checking how to convert i686-pc-linux-gnu file names to i686-pc-linux-gnu format
configure:5263: result: func_convert_file_noop
configure:5270: checking how to convert i686-pc-linux-gnu file names to toolchain format
configure:5290: result: func_convert_file_noop
configure:5297: checking for /usr/bin/ld option to reload object files
configure:5304: result: -r
configure:5378: checking for objdump
configure:5394: found /usr/bin/objdump
configure:5405: result: objdump
configure:5437: checking how to recognize dependent libraries
configure:5639: result: pass_all
configure:5724: checking for dlltool
configure:5754: result: no
configure:5784: checking how to associate runtime and link libraries
configure:5811: result: printf %s\n
configure:5872: checking for ar
configure:5888: found /usr/bin/ar
configure:5899: result: ar
configure:5936: checking for archiver @FILE support
configure:5953: gcc -c -g -O2  conftest.c >&5
configure:5953: $? = 0
configure:5956: ar cru libconftest.a @conftest.lst >&5
configure:5959: $? = 0
configure:5964: ar cru libconftest.a @conftest.lst >&5
ar: conftest.o: No such file or directory
configure:5967: $? = 1
configure:5979: result: @
configure:6037: checking for strip
configure:6053: found /usr/bin/strip
configure:6064: result: strip
configure:6136: checking for ranlib
configure:6152: found /usr/bin/ranlib
configure:6163: result: ranlib
configure:6265: checking command to parse /usr/bin/nm -B output from gcc object
configure:6385: gcc -c -g -O2  conftest.c >&5
configure:6388: $? = 0
configure:6392: /usr/bin/nm -B conftest.o \| sed -n -e 's/^.*[ ]\([ABCDGIRSTW][ABCDGIRSTW]*\)[ ][ ]*\([_A-Za-z][_A-Za-z0-9]*\)$/\1 \2 \2/p' | sed '/ __gnu_lto/d' \> conftest.nm
configure:6395: $? = 0
configure:6461: gcc -o conftest -g -O2   conftest.c conftstm.o >&5
configure:6464: $? = 0
configure:6502: result: ok
configure:6539: checking for sysroot
configure:6569: result: no
configure:6825: checking for mt
configure:6855: result: no
configure:6875: checking if : is a manifest tool
configure:6881: : '-?'
configure:6889: result: no
configure:7531: checking how to run the C preprocessor
configure:7562: gcc -E  conftest.c
configure:7562: $? = 0
configure:7576: gcc -E  conftest.c
conftest.c:11:28: fatal error: ac_nonexistent.h: No such file or directory
compilation terminated.
configure:7576: $? = 1
configure: failed program was:
| /* confdefs.h */
| #define PACKAGE_NAME "CppUTest"
| #define PACKAGE_TARNAME "cpputest"
| #define PACKAGE_VERSION "3.7.1"
| #define PACKAGE_STRING "CppUTest 3.7.1"
| #define PACKAGE_BUGREPORT "https://github.com/cpputest/cpputest"
| #define PACKAGE_URL ""
| #define PACKAGE "cpputest"
| #define VERSION "3.7.1"
| /* end confdefs.h.  */
| #include <ac_nonexistent.h>
configure:7601: result: gcc -E
configure:7621: gcc -E  conftest.c
configure:7621: $? = 0
configure:7635: gcc -E  conftest.c
conftest.c:11:28: fatal error: ac_nonexistent.h: No such file or directory
compilation terminated.
configure:7635: $? = 1
configure: failed program was:
| /* confdefs.h */
| #define PACKAGE_NAME "CppUTest"
| #define PACKAGE_TARNAME "cpputest"
| #define PACKAGE_VERSION "3.7.1"
| #define PACKAGE_STRING "CppUTest 3.7.1"
| #define PACKAGE_BUGREPORT "https://github.com/cpputest/cpputest"
| #define PACKAGE_URL ""
| #define PACKAGE "cpputest"
| #define VERSION "3.7.1"
| /* end confdefs.h.  */
| #include <ac_nonexistent.h>
configure:7664: checking for ANSI C header files
configure:7684: gcc -c -g -O2  conftest.c >&5
configure:7684: $? = 0
configure:7757: gcc -o conftest -g -O2   conftest.c  >&5
configure:7757: $? = 0
configure:7757: ./conftest
configure:7757: $? = 0
configure:7768: result: yes
configure:7781: checking for sys/types.h
configure:7781: gcc -c -g -O2  conftest.c >&5
configure:7781: $? = 0
configure:7781: result: yes
configure:7781: checking for sys/stat.h
configure:7781: gcc -c -g -O2  conftest.c >&5
configure:7781: $? = 0
configure:7781: result: yes
configure:7781: checking for stdlib.h
configure:7781: gcc -c -g -O2  conftest.c >&5
configure:7781: $? = 0
configure:7781: result: yes
configure:7781: checking for string.h
configure:7781: gcc -c -g -O2  conftest.c >&5
configure:7781: $? = 0
configure:7781: result: yes
configure:7781: checking for memory.h
configure:7781: gcc -c -g -O2  conftest.c >&5
configure:7781: $? = 0
configure:7781: result: yes
configure:7781: checking for strings.h
configure:7781: gcc -c -g -O2  conftest.c >&5
configure:7781: $? = 0
configure:7781: result: yes
configure:7781: checking for inttypes.h
configure:7781: gcc -c -g -O2  conftest.c >&5
configure:7781: $? = 0
configure:7781: result: yes
configure:7781: checking for stdint.h
configure:7781: gcc -c -g -O2  conftest.c >&5
configure:7781: $? = 0
configure:7781: result: yes
configure:7781: checking for unistd.h
configure:7781: gcc -c -g -O2  conftest.c >&5
configure:7781: $? = 0
configure:7781: result: yes
configure:7795: checking for dlfcn.h
configure:7795: gcc -c -g -O2  conftest.c >&5
configure:7795: $? = 0
configure:7795: result: yes
configure:7999: checking for objdir
configure:8014: result: .libs
configure:8285: checking if gcc supports -fno-rtti -fno-exceptions
configure:8303: gcc -c -g -O2  -fno-rtti -fno-exceptions conftest.c >&5
cc1: warning: command line option '-fno-rtti' is valid for C++/ObjC++ but not for C [enabled by default]
cc1: warning: command line option '-fno-rtti' is valid for C++/ObjC++ but not for C [enabled by default]
configure:8307: $? = 0
configure:8320: result: no
configure:8647: checking for gcc option to produce PIC
configure:8654: result: -fPIC -DPIC
configure:8662: checking if gcc PIC flag -fPIC -DPIC works
configure:8680: gcc -c -g -O2  -fPIC -DPIC -DPIC conftest.c >&5
configure:8684: $? = 0
configure:8697: result: yes
configure:8726: checking if gcc static flag -static works
configure:8754: result: no
configure:8769: checking if gcc supports -c -o file.o
configure:8790: gcc -c -g -O2  -o out/conftest2.o conftest.c >&5
configure:8794: $? = 0
configure:8816: result: yes
configure:8824: checking if gcc supports -c -o file.o
configure:8871: result: yes
configure:8904: checking whether the gcc linker (/usr/bin/ld) supports shared libraries
configure:10057: result: yes
configure:10094: checking whether -lc should be explicitly linked in
configure:10102: gcc -c -g -O2  conftest.c >&5
configure:10105: $? = 0
configure:10120: gcc -shared  -fPIC -DPIC conftest.o  -v -Wl,-soname -Wl,conftest -o conftest 2\>\&1 \| /bin/grep  -lc  \>/dev/null 2\>\&1
configure:10123: $? = 0
configure:10137: result: no
configure:10297: checking dynamic linker characteristics
configure:10808: gcc -o conftest -g -O2   -Wl,-rpath -Wl,/foo conftest.c  >&5
configure:10808: $? = 0
configure:11030: result: GNU/Linux ld.so
configure:11137: checking how to hardcode library paths into programs
configure:11162: result: immediate
configure:11256: checking for shl_load
configure:11256: gcc -o conftest -g -O2   conftest.c  >&5
/tmp/ccRQVp2t.o: In function `main':
/home/martin/my_sip/cpputest/conftest.c:57: undefined reference to `shl_load'
collect2: ld returned 1 exit status
configure:11256: $? = 1
configure: failed program was:
| /* confdefs.h */
| #define PACKAGE_NAME "CppUTest"
| #define PACKAGE_TARNAME "cpputest"
| #define PACKAGE_VERSION "3.7.1"
| #define PACKAGE_STRING "CppUTest 3.7.1"
| #define PACKAGE_BUGREPORT "https://github.com/cpputest/cpputest"
| #define PACKAGE_URL ""
| #define PACKAGE "cpputest"
| #define VERSION "3.7.1"
| #define STDC_HEADERS 1
| #define HAVE_SYS_TYPES_H 1
| #define HAVE_SYS_STAT_H 1
| #define HAVE_STDLIB_H 1
| #define HAVE_STRING_H 1
| #define HAVE_MEMORY_H 1
| #define HAVE_STRINGS_H 1
| #define HAVE_INTTYPES_H 1
| #define HAVE_STDINT_H 1
| #define HAVE_UNISTD_H 1
| #define HAVE_DLFCN_H 1
| #define LT_OBJDIR ".libs/"
| /* end confdefs.h.  */
| /* Define shl_load to an innocuous variant, in case <limits.h> declares shl_load.
|    For example, HP-UX 11i <limits.h> declares gettimeofday.  */
| #define shl_load innocuous_shl_load
| 
| /* System header to define __stub macros and hopefully few prototypes,
|     which can conflict with char shl_load (); below.
|     Prefer <limits.h> to <assert.h> if __STDC__ is defined, since
|     <limits.h> exists even on freestanding compilers.  */
| 
| #ifdef __STDC__
| # include <limits.h>
| #else
| # include <assert.h>
| #endif
| 
| #undef shl_load
| 
| /* Override any GCC internal prototype to avoid an error.
|    Use char because int might match the return type of a GCC
|    builtin and then its argument prototype would still apply.  */
| #ifdef __cplusplus
| extern "C"
| #endif
| char shl_load ();
| /* The GNU C library defines this for functions which it implements
|     to always fail with ENOSYS.  Some functions are actually named
|     something starting with __ and the normal name is an alias.  */
| #if defined __stub_shl_load || defined __stub___shl_load
| choke me
| #endif
| 
| int
| main ()
| {
| return shl_load ();
|   ;
|   return 0;
| }
configure:11256: result: no
configure:11260: checking for shl_load in -ldld
configure:11285: gcc -o conftest -g -O2   conftest.c -ldld   >&5
/usr/bin/ld: cannot find -ldld
collect2: ld returned 1 exit status
configure:11285: $? = 1
configure: failed program was:
| /* confdefs.h */
| #define PACKAGE_NAME "CppUTest"
| #define PACKAGE_TARNAME "cpputest"
| #define PACKAGE_VERSION "3.7.1"
| #define PACKAGE_STRING "CppUTest 3.7.1"
| #define PACKAGE_BUGREPORT "https://github.com/cpputest/cpputest"
| #define PACKAGE_URL ""
| #define PACKAGE "cpputest"
| #define VERSION "3.7.1"
| #define STDC_HEADERS 1
| #define HAVE_SYS_TYPES_H 1
| #define HAVE_SYS_STAT_H 1
| #define HAVE_STDLIB_H 1
| #define HAVE_STRING_H 1
| #define HAVE_MEMORY_H 1
| #define HAVE_STRINGS_H 1
| #define HAVE_INTTYPES_H 1
| #define HAVE_STDINT_H 1
| #define HAVE_UNISTD_H 1
| #define HAVE_DLFCN_H 1
| #define LT_OBJDIR ".libs/"
| /* end confdefs.h.  */
| 
| /* Override any GCC internal prototype to avoid an error.
|    Use char because int might match the return type of a GCC
|    builtin and then its argument prototype would still apply.  */
| #ifdef __cplusplus
| extern "C"
| #endif
| char shl_load ();
| int
| main ()
| {
| return shl_load ();
|   ;
|   return 0;
| }
configure:11294: result: no
configure:11299: checking for dlopen
configure:11299: gcc -o conftest -g -O2   conftest.c  >&5
/tmp/ccLuVroy.o: In function `main':
/home/martin/my_sip/cpputest/conftest.c:57: undefined reference to `dlopen'
collect2: ld returned 1 exit status
configure:11299: $? = 1
configure: failed program was:
| /* confdefs.h */
| #define PACKAGE_NAME "CppUTest"
| #define PACKAGE_TARNAME "cpputest"
| #define PACKAGE_VERSION "3.7.1"
| #define PACKAGE_STRING "CppUTest 3.7.1"
| #define PACKAGE_BUGREPORT "https://github.com/cpputest/cpputest"
| #define PACKAGE_URL ""
| #define PACKAGE "cpputest"
| #define VERSION "3.7.1"
| #define STDC_HEADERS 1
| #define HAVE_SYS_TYPES_H 1
| #define HAVE_SYS_STAT_H 1
| #define HAVE_STDLIB_H 1
| #define HAVE_STRING_H 1
| #define HAVE_MEMORY_H 1
| #define HAVE_STRINGS_H 1
| #define HAVE_INTTYPES_H 1
| #define HAVE_STDINT_H 1
| #define HAVE_UNISTD_H 1
| #define HAVE_DLFCN_H 1
| #define LT_OBJDIR ".libs/"
| /* end confdefs.h.  */
| /* Define dlopen to an innocuous variant, in case <limits.h> declares dlopen.
|    For example, HP-UX 11i <limits.h> declares gettimeofday.  */
| #define dlopen innocuous_dlopen
| 
| /* System header to define __stub macros and hopefully few prototypes,
|     which can conflict with char dlopen (); below.
|     Prefer <limits.h> to <assert.h> if __STDC__ is defined, since
|     <limits.h> exists even on freestanding compilers.  */
| 
| #ifdef __STDC__
| # include <limits.h>
| #else
| # include <assert.h>
| #endif
| 
| #undef dlopen
| 
| /* Override any GCC internal prototype to avoid an error.
|    Use char because int might match the return type of a GCC
|    builtin and then its argument prototype would still apply.  */
| #ifdef __cplusplus
| extern "C"
| #endif
| char dlopen ();
| /* The GNU C library defines this for functions which it implements
|     to always fail with ENOSYS.  Some functions are actually named
|     something starting with __ and the normal name is an alias.  */
| #if defined __stub_dlopen || defined __stub___dlopen
| choke me
| #endif
| 
| int
| main ()
| {
| return dlopen ();
|   ;
|   return 0;
| }
configure:11299: result: no
configure:11303: checking for dlopen in -ldl
configure:11328: gcc -o conftest -g -O2   conftest.c -ldl   >&5
configure:11328: $? = 0
configure:11337: result: yes
configure:11456: checking whether a program can dlopen itself
configure:11536: gcc -o conftest -g -O2  -DHAVE_DLFCN_H  -Wl,--export-dynamic conftest.c -ldl  >&5
configure:11539: $? = 0
configure:11557: result: yes
configure:11562: checking whether a statically linked program can dlopen itself
configure:11642: gcc -o conftest -g -O2  -DHAVE_DLFCN_H  -Wl,--export-dynamic  conftest.c -ldl  >&5
configure:11645: $? = 0
configure:11663: result: yes
configure:11702: checking whether stripping libraries is possible
configure:11707: result: yes
configure:11742: checking if libtool supports shared libraries
configure:11744: result: yes
configure:11747: checking whether to build shared libraries
configure:11768: result: yes
configure:11771: checking whether to build static libraries
configure:11775: result: yes
configure:11876: checking for gcc
configure:11903: result: gcc
configure:12132: checking for C compiler version
configure:12141: gcc --version >&5
gcc (GCC) 4.6.3 20120306 (Red Hat 4.6.3-2)
Copyright (C) 2011 Free Software Foundation, Inc.
This is free software; see the source for copying conditions.  There is NO
warranty; not even for MERCHANTABILITY or FITNESS FOR A PARTICULAR PURPOSE.

configure:12152: $? = 0
configure:12141: gcc -v >&5
Using built-in specs.
COLLECT_GCC=/usr/bin/gcc
COLLECT_LTO_WRAPPER=/usr/libexec/gcc/i686-redhat-linux/4.6.3/lto-wrapper
Target: i686-redhat-linux
Configured with: ../configure --prefix=/usr --mandir=/usr/share/man --infodir=/usr/share/info --with-bugurl=http://bugzilla.redhat.com/bugzilla --enable-bootstrap --enable-shared --enable-threads=posix --enable-checking=release --with-system-zlib --enable-__cxa_atexit --disable-libunwind-exceptions --enable-gnu-unique-object --enable-linker-build-id --enable-languages=c,c++,objc,obj-c++,java,fortran,ada,go,lto --enable-plugin --enable-java-awt=gtk --disable-dssi --with-java-home=/usr/lib/jvm/java-1.5.0-gcj-1.5.0.0/jre --enable-libgcj-multifile --enable-java-maintainer-mode --with-ecj-jar=/usr/share/java/eclipse-ecj.jar --disable-libjava-multilib --with-ppl --with-cloog --with-tune=generic --with-arch=i686 --build=i686-redhat-linux
Thread model: posix
gcc version 4.6.3 20120306 (Red Hat 4.6.3-2) (GCC) 
configure:12152: $? = 0
configure:12141: gcc -V >&5
gcc: error: unrecognized option '-V'
gcc: fatal error: no input files
compilation terminated.
configure:12152: $? = 4
configure:12141: gcc -qversion >&5
gcc: error: unrecognized option '-qversion'
gcc: fatal error: no input files
compilation terminated.
configure:12152: $? = 4
configure:12156: checking whether we are using the GNU C compiler
configure:12184: result: yes
configure:12193: checking whether gcc accepts -g
configure:12254: result: yes
configure:12271: checking for gcc option to accept ISO C89
configure:12347: result: none needed
configure:12372: checking whether gcc understands -c and -o together
configure:12409: result: yes
configure:12428: checking dependency style of gcc
configure:12539: result: gcc3
configure:12559: checking how to run the C preprocessor
configure:12629: result: gcc -E
configure:12649: gcc -E  conftest.c
configure:12649: $? = 0
configure:12663: gcc -E  conftest.c
conftest.c:23:28: fatal error: ac_nonexistent.h: No such file or directory
compilation terminated.
configure:12663: $? = 1
configure: failed program was:
| /* confdefs.h */
| #define PACKAGE_NAME "CppUTest"
| #define PACKAGE_TARNAME "cpputest"
| #define PACKAGE_VERSION "3.7.1"
| #define PACKAGE_STRING "CppUTest 3.7.1"
| #define PACKAGE_BUGREPORT "https://github.com/cpputest/cpputest"
| #define PACKAGE_URL ""
| #define PACKAGE "cpputest"
| #define VERSION "3.7.1"
| #define STDC_HEADERS 1
| #define HAVE_SYS_TYPES_H 1
| #define HAVE_SYS_STAT_H 1
| #define HAVE_STDLIB_H 1
| #define HAVE_STRING_H 1
| #define HAVE_MEMORY_H 1
| #define HAVE_STRINGS_H 1
| #define HAVE_INTTYPES_H 1
| #define HAVE_STDINT_H 1
| #define HAVE_UNISTD_H 1
| #define HAVE_DLFCN_H 1
| #define LT_OBJDIR ".libs/"
| /* end confdefs.h.  */
| #include <ac_nonexistent.h>
configure:12749: checking for g++
configure:12765: found /usr/lib/ccache/g++
configure:12776: result: g++
configure:12803: checking for C++ compiler version
configure:12812: g++ --version >&5
g++ (GCC) 4.6.3 20120306 (Red Hat 4.6.3-2)
Copyright (C) 2011 Free Software Foundation, Inc.
This is free software; see the source for copying conditions.  There is NO
warranty; not even for MERCHANTABILITY or FITNESS FOR A PARTICULAR PURPOSE.

configure:12823: $? = 0
configure:12812: g++ -v >&5
Using built-in specs.
COLLECT_GCC=/usr/bin/g++
COLLECT_LTO_WRAPPER=/usr/libexec/gcc/i686-redhat-linux/4.6.3/lto-wrapper
Target: i686-redhat-linux
Configured with: ../configure --prefix=/usr --mandir=/usr/share/man --infodir=/usr/share/info --with-bugurl=http://bugzilla.redhat.com/bugzilla --enable-bootstrap --enable-shared --enable-threads=posix --enable-checking=release --with-system-zlib --enable-__cxa_atexit --disable-libunwind-exceptions --enable-gnu-unique-object --enable-linker-build-id --enable-languages=c,c++,objc,obj-c++,java,fortran,ada,go,lto --enable-plugin --enable-java-awt=gtk --disable-dssi --with-java-home=/usr/lib/jvm/java-1.5.0-gcj-1.5.0.0/jre --enable-libgcj-multifile --enable-java-maintainer-mode --with-ecj-jar=/usr/share/java/eclipse-ecj.jar --disable-libjava-multilib --with-ppl --with-cloog --with-tune=generic --with-arch=i686 --build=i686-redhat-linux
Thread model: posix
gcc version 4.6.3 20120306 (Red Hat 4.6.3-2) (GCC) 
configure:12823: $? = 0
configure:12812: g++ -V >&5
g++: error: unrecognized option '-V'
g++: fatal error: no input files
compilation terminated.
configure:12823: $? = 4
configure:12812: g++ -qversion >&5
g++: error: unrecognized option '-qversion'
g++: fatal error: no input files
compilation terminated.
configure:12823: $? = 4
configure:12827: checking whether we are using the GNU C++ compiler
configure:12846: g++ -c   conftest.cpp >&5
configure:12846: $? = 0
configure:12855: result: yes
configure:12864: checking whether g++ accepts -g
configure:12884: g++ -c -g  conftest.cpp >&5
configure:12884: $? = 0
configure:12925: result: yes
configure:12950: checking dependency style of g++
configure:13061: result: gcc3
configure:13094: checking how to run the C++ preprocessor
configure:13121: g++ -E  conftest.cpp
configure:13121: $? = 0
configure:13135: g++ -E  conftest.cpp
conftest.cpp:23:28: fatal error: ac_nonexistent.h: No such file or directory
compilation terminated.
configure:13135: $? = 1
configure: failed program was:
| /* confdefs.h */
| #define PACKAGE_NAME "CppUTest"
| #define PACKAGE_TARNAME "cpputest"
| #define PACKAGE_VERSION "3.7.1"
| #define PACKAGE_STRING "CppUTest 3.7.1"
| #define PACKAGE_BUGREPORT "https://github.com/cpputest/cpputest"
| #define PACKAGE_URL ""
| #define PACKAGE "cpputest"
| #define VERSION "3.7.1"
| #define STDC_HEADERS 1
| #define HAVE_SYS_TYPES_H 1
| #define HAVE_SYS_STAT_H 1
| #define HAVE_STDLIB_H 1
| #define HAVE_STRING_H 1
| #define HAVE_MEMORY_H 1
| #define HAVE_STRINGS_H 1
| #define HAVE_INTTYPES_H 1
| #define HAVE_STDINT_H 1
| #define HAVE_UNISTD_H 1
| #define HAVE_DLFCN_H 1
| #define LT_OBJDIR ".libs/"
| /* end confdefs.h.  */
| #include <ac_nonexistent.h>
configure:13160: result: g++ -E
configure:13180: g++ -E  conftest.cpp
configure:13180: $? = 0
configure:13194: g++ -E  conftest.cpp
conftest.cpp:23:28: fatal error: ac_nonexistent.h: No such file or directory
compilation terminated.
configure:13194: $? = 1
configure: failed program was:
| /* confdefs.h */
| #define PACKAGE_NAME "CppUTest"
| #define PACKAGE_TARNAME "cpputest"
| #define PACKAGE_VERSION "3.7.1"
| #define PACKAGE_STRING "CppUTest 3.7.1"
| #define PACKAGE_BUGREPORT "https://github.com/cpputest/cpputest"
| #define PACKAGE_URL ""
| #define PACKAGE "cpputest"
| #define VERSION "3.7.1"
| #define STDC_HEADERS 1
| #define HAVE_SYS_TYPES_H 1
| #define HAVE_SYS_STAT_H 1
| #define HAVE_STDLIB_H 1
| #define HAVE_STRING_H 1
| #define HAVE_MEMORY_H 1
| #define HAVE_STRINGS_H 1
| #define HAVE_INTTYPES_H 1
| #define HAVE_STDINT_H 1
| #define HAVE_UNISTD_H 1
| #define HAVE_DLFCN_H 1
| #define LT_OBJDIR ".libs/"
| /* end confdefs.h.  */
| #include <ac_nonexistent.h>
configure:13363: checking for ld used by g++
configure:13430: result: /usr/bin/ld
configure:13437: checking if the linker (/usr/bin/ld) is GNU ld
configure:13452: result: yes
configure:13507: checking whether the g++ linker (/usr/bin/ld) supports shared libraries
configure:14512: result: yes
configure:14548: g++ -c -g -O2  conftest.cpp >&5
configure:14551: $? = 0
configure:15071: checking for g++ option to produce PIC
configure:15078: result: -fPIC -DPIC
configure:15086: checking if g++ PIC flag -fPIC -DPIC works
configure:15104: g++ -c -g -O2  -fPIC -DPIC -DPIC conftest.cpp >&5
configure:15108: $? = 0
configure:15121: result: yes
configure:15144: checking if g++ static flag -static works
configure:15172: result: no
configure:15184: checking if g++ supports -c -o file.o
configure:15205: g++ -c -g -O2  -o out/conftest2.o conftest.cpp >&5
configure:15209: $? = 0
configure:15231: result: yes
configure:15236: checking if g++ supports -c -o file.o
configure:15283: result: yes
configure:15313: checking whether the g++ linker (/usr/bin/ld) supports shared libraries
configure:15349: result: yes
configure:15490: checking dynamic linker characteristics
configure:16157: result: GNU/Linux ld.so
configure:16210: checking how to hardcode library paths into programs
configure:16235: result: immediate
configure:16275: checking whether ln -s works
configure:16279: result: yes
configure:16286: checking whether make sets $(MAKE)
configure:16308: result: yes
configure:16329: checking whether make supports nested variables
configure:16346: result: yes
configure:16523: checking for the pthreads library -lpthreads
configure:16556: gcc -o conftest -g -O2    conftest.c -lpthreads  >&5
/usr/bin/ld: cannot find -lpthreads
collect2: ld returned 1 exit status
configure:16556: $? = 1
configure: failed program was:
| /* confdefs.h */
| #define PACKAGE_NAME "CppUTest"
| #define PACKAGE_TARNAME "cpputest"
| #define PACKAGE_VERSION "3.7.1"
| #define PACKAGE_STRING "CppUTest 3.7.1"
| #define PACKAGE_BUGREPORT "https://github.com/cpputest/cpputest"
| #define PACKAGE_URL ""
| #define PACKAGE "cpputest"
| #define VERSION "3.7.1"
| #define STDC_HEADERS 1
| #define HAVE_SYS_TYPES_H 1
| #define HAVE_SYS_STAT_H 1
| #define HAVE_STDLIB_H 1
| #define HAVE_STRING_H 1
| #define HAVE_MEMORY_H 1
| #define HAVE_STRINGS_H 1
| #define HAVE_INTTYPES_H 1
| #define HAVE_STDINT_H 1
| #define HAVE_UNISTD_H 1
| #define HAVE_DLFCN_H 1
| #define LT_OBJDIR ".libs/"
| /* end confdefs.h.  */
| #include <pthread.h>
| int
| main ()
| {
| pthread_t th; pthread_join(th, 0);
|                      pthread_attr_init(0); pthread_cleanup_push(0, 0);
|                      pthread_create(0,0,0,0); pthread_cleanup_pop(0);
|   ;
|   return 0;
| }
configure:16565: result: no
configure:16468: checking whether pthreads work without any flags
configure:16556: gcc -o conftest -g -O2    conftest.c   >&5
/tmp/ccFXyuwQ.o: In function `main':
/home/martin/my_sip/cpputest/conftest.c:27: undefined reference to `pthread_join'
/home/martin/my_sip/cpputest/conftest.c:28: undefined reference to `__pthread_register_cancel'
/home/martin/my_sip/cpputest/conftest.c:29: undefined reference to `pthread_create'
/home/martin/my_sip/cpputest/conftest.c:29: undefined reference to `__pthread_unregister_cancel'
collect2: ld returned 1 exit status
configure:16556: $? = 1
configure: failed program was:
| /* confdefs.h */
| #define PACKAGE_NAME "CppUTest"
| #define PACKAGE_TARNAME "cpputest"
| #define PACKAGE_VERSION "3.7.1"
| #define PACKAGE_STRING "CppUTest 3.7.1"
| #define PACKAGE_BUGREPORT "https://github.com/cpputest/cpputest"
| #define PACKAGE_URL ""
| #define PACKAGE "cpputest"
| #define VERSION "3.7.1"
| #define STDC_HEADERS 1
| #define HAVE_SYS_TYPES_H 1
| #define HAVE_SYS_STAT_H 1
| #define HAVE_STDLIB_H 1
| #define HAVE_STRING_H 1
| #define HAVE_MEMORY_H 1
| #define HAVE_STRINGS_H 1
| #define HAVE_INTTYPES_H 1
| #define HAVE_STDINT_H 1
| #define HAVE_UNISTD_H 1
| #define HAVE_DLFCN_H 1
| #define LT_OBJDIR ".libs/"
| /* end confdefs.h.  */
| #include <pthread.h>
| int
| main ()
| {
| pthread_t th; pthread_join(th, 0);
|                      pthread_attr_init(0); pthread_cleanup_push(0, 0);
|                      pthread_create(0,0,0,0); pthread_cleanup_pop(0);
|   ;
|   return 0;
| }
configure:16565: result: no
configure:16473: checking whether pthreads work with -Kthread
configure:16556: gcc -o conftest -g -O2 -Kthread   conftest.c   >&5
gcc: error: unrecognized option '-Kthread'
configure:16556: $? = 1
configure: failed program was:
| /* confdefs.h */
| #define PACKAGE_NAME "CppUTest"
| #define PACKAGE_TARNAME "cpputest"
| #define PACKAGE_VERSION "3.7.1"
| #define PACKAGE_STRING "CppUTest 3.7.1"
| #define PACKAGE_BUGREPORT "https://github.com/cpputest/cpputest"
| #define PACKAGE_URL ""
| #define PACKAGE "cpputest"
| #define VERSION "3.7.1"
| #define STDC_HEADERS 1
| #define HAVE_SYS_TYPES_H 1
| #define HAVE_SYS_STAT_H 1
| #define HAVE_STDLIB_H 1
| #define HAVE_STRING_H 1
| #define HAVE_MEMORY_H 1
| #define HAVE_STRINGS_H 1
| #define HAVE_INTTYPES_H 1
| #define HAVE_STDINT_H 1
| #define HAVE_UNISTD_H 1
| #define HAVE_DLFCN_H 1
| #define LT_OBJDIR ".libs/"
| /* end confdefs.h.  */
| #include <pthread.h>
| int
| main ()
| {
| pthread_t th; pthread_join(th, 0);
|                      pthread_attr_init(0); pthread_cleanup_push(0, 0);
|                      pthread_create(0,0,0,0); pthread_cleanup_pop(0);
|   ;
|   return 0;
| }
configure:16565: result: no
configure:16473: checking whether pthreads work with -kthread
configure:16556: gcc -o conftest -g -O2 -kthread   conftest.c   >&5
gcc: error: unrecognized option '-kthread'
configure:16556: $? = 1
configure: failed program was:
| /* confdefs.h */
| #define PACKAGE_NAME "CppUTest"
| #define PACKAGE_TARNAME "cpputest"
| #define PACKAGE_VERSION "3.7.1"
| #define PACKAGE_STRING "CppUTest 3.7.1"
| #define PACKAGE_BUGREPORT "https://github.com/cpputest/cpputest"
| #define PACKAGE_URL ""
| #define PACKAGE "cpputest"
| #define VERSION "3.7.1"
| #define STDC_HEADERS 1
| #define HAVE_SYS_TYPES_H 1
| #define HAVE_SYS_STAT_H 1
| #define HAVE_STDLIB_H 1
| #define HAVE_STRING_H 1
| #define HAVE_MEMORY_H 1
| #define HAVE_STRINGS_H 1
| #define HAVE_INTTYPES_H 1
| #define HAVE_STDINT_H 1
| #define HAVE_UNISTD_H 1
| #define HAVE_DLFCN_H 1
| #define LT_OBJDIR ".libs/"
| /* end confdefs.h.  */
| #include <pthread.h>
| int
| main ()
| {
| pthread_t th; pthread_join(th, 0);
|                      pthread_attr_init(0); pthread_cleanup_push(0, 0);
|                      pthread_create(0,0,0,0); pthread_cleanup_pop(0);
|   ;
|   return 0;
| }
configure:16565: result: no
configure:16523: checking for the pthreads library -llthread
configure:16556: gcc -o conftest -g -O2    conftest.c -llthread  >&5
/usr/bin/ld: cannot find -llthread
collect2: ld returned 1 exit status
configure:16556: $? = 1
configure: failed program was:
| /* confdefs.h */
| #define PACKAGE_NAME "CppUTest"
| #define PACKAGE_TARNAME "cpputest"
| #define PACKAGE_VERSION "3.7.1"
| #define PACKAGE_STRING "CppUTest 3.7.1"
| #define PACKAGE_BUGREPORT "https://github.com/cpputest/cpputest"
| #define PACKAGE_URL ""
| #define PACKAGE "cpputest"
| #define VERSION "3.7.1"
| #define STDC_HEADERS 1
| #define HAVE_SYS_TYPES_H 1
| #define HAVE_SYS_STAT_H 1
| #define HAVE_STDLIB_H 1
| #define HAVE_STRING_H 1
| #define HAVE_MEMORY_H 1
| #define HAVE_STRINGS_H 1
| #define HAVE_INTTYPES_H 1
| #define HAVE_STDINT_H 1
| #define HAVE_UNISTD_H 1
| #define HAVE_DLFCN_H 1
| #define LT_OBJDIR ".libs/"
| /* end confdefs.h.  */
| #include <pthread.h>
| int
| main ()
| {
| pthread_t th; pthread_join(th, 0);
|                      pthread_attr_init(0); pthread_cleanup_push(0, 0);
|                      pthread_create(0,0,0,0); pthread_cleanup_pop(0);
|   ;
|   return 0;
| }
configure:16565: result: no
configure:16473: checking whether pthreads work with -pthread
configure:16556: gcc -o conftest -g -O2 -pthread   conftest.c   >&5
configure:16556: $? = 0
configure:16565: result: yes
configure:16584: checking for joinable pthread attribute
configure:16599: gcc -o conftest -g -O2 -pthread   conftest.c   >&5
configure:16599: $? = 0
configure:16605: result: PTHREAD_CREATE_JOINABLE
configure:16615: checking if more special flags are required for pthreads
configure:16622: result: no
configure:16710: checking if we can link -lpthread to work around a gcc bug (on MacOSX)
configure:16723: gcc -o conftest -g -O2   conftest.c -lpthread >&5
configure:16723: $? = 0
configure:16724: result: yes
configure:16737: checking stddef.h usability
configure:16737: gcc -c -g -O2  conftest.c >&5
configure:16737: $? = 0
configure:16737: result: yes
configure:16737: checking stddef.h presence
configure:16737: gcc -E  conftest.c
configure:16737: $? = 0
configure:16737: result: yes
configure:16737: checking for stddef.h
configure:16737: result: yes
configure:16737: checking for stdint.h
configure:16737: result: yes
configure:16737: checking for stdlib.h
configure:16737: result: yes
configure:16737: checking for string.h
configure:16737: result: yes
configure:16737: checking sys/time.h usability
configure:16737: gcc -c -g -O2  conftest.c >&5
configure:16737: $? = 0
configure:16737: result: yes
configure:16737: checking sys/time.h presence
configure:16737: gcc -E  conftest.c
configure:16737: $? = 0
configure:16737: result: yes
configure:16737: checking for sys/time.h
configure:16737: result: yes
configure:16737: checking for unistd.h
configure:16737: result: yes
configure:16748: checking for inline
configure:16764: gcc -c -g -O2  conftest.c >&5
configure:16764: $? = 0
configure:16772: result: inline
configure:16790: checking for int16_t
configure:16790: gcc -c -g -O2  conftest.c >&5
configure:16790: $? = 0
configure:16790: gcc -c -g -O2  conftest.c >&5
conftest.c: In function 'main':
conftest.c:66:12: error: size of array 'test_array' is negative
configure:16790: $? = 1
configure: failed program was:
| /* confdefs.h */
| #define PACKAGE_NAME "CppUTest"
| #define PACKAGE_TARNAME "cpputest"
| #define PACKAGE_VERSION "3.7.1"
| #define PACKAGE_STRING "CppUTest 3.7.1"
| #define PACKAGE_BUGREPORT "https://github.com/cpputest/cpputest"
| #define PACKAGE_URL ""
| #define PACKAGE "cpputest"
| #define VERSION "3.7.1"
| #define STDC_HEADERS 1
| #define HAVE_SYS_TYPES_H 1
| #define HAVE_SYS_STAT_H 1
| #define HAVE_STDLIB_H 1
| #define HAVE_STRING_H 1
| #define HAVE_MEMORY_H 1
| #define HAVE_STRINGS_H 1
| #define HAVE_INTTYPES_H 1
| #define HAVE_STDINT_H 1
| #define HAVE_UNISTD_H 1
| #define HAVE_DLFCN_H 1
| #define LT_OBJDIR ".libs/"
| #define HAVE_STDDEF_H 1
| #define HAVE_STDINT_H 1
| #define HAVE_STDLIB_H 1
| #define HAVE_STRING_H 1
| #define HAVE_SYS_TIME_H 1
| #define HAVE_UNISTD_H 1
| /* end confdefs.h.  */
| #include <stdio.h>
| #ifdef HAVE_SYS_TYPES_H
| # include <sys/types.h>
| #endif
| #ifdef HAVE_SYS_STAT_H
| # include <sys/stat.h>
| #endif
| #ifdef STDC_HEADERS
| # include <stdlib.h>
| # include <stddef.h>
| #else
| # ifdef HAVE_STDLIB_H
| #  include <stdlib.h>
| # endif
| #endif
| #ifdef HAVE_STRING_H
| # if !defined STDC_HEADERS && defined HAVE_MEMORY_H
| #  include <memory.h>
| # endif
| # include <string.h>
| #endif
| #ifdef HAVE_STRINGS_H
| # include <strings.h>
| #endif
| #ifdef HAVE_INTTYPES_H
| # include <inttypes.h>
| #endif
| #ifdef HAVE_STDINT_H
| # include <stdint.h>
| #endif
| #ifdef HAVE_UNISTD_H
| # include <unistd.h>
| #endif
| 	        enum { N = 16 / 2 - 1 };
| int
| main ()
| {
| static int test_array [1 - 2 * !((int16_t) (((((int16_t) 1 << N) << N) - 1) * 2 + 1)
| 		 < (int16_t) (((((int16_t) 1 << N) << N) - 1) * 2 + 2))];
| test_array [0] = 0;
| return test_array [0];
| 
|   ;
|   return 0;
| }
configure:16790: result: yes
configure:16801: checking for int32_t
configure:16801: gcc -c -g -O2  conftest.c >&5
configure:16801: $? = 0
configure:16801: gcc -c -g -O2  conftest.c >&5
conftest.c: In function 'main':
conftest.c:67:53: warning: integer overflow in expression [-Woverflow]
conftest.c:66:12: error: size of array 'test_array' is negative
conftest.c:66:12: error: storage size of 'test_array' isn't constant
configure:16801: $? = 1
configure: failed program was:
| /* confdefs.h */
| #define PACKAGE_NAME "CppUTest"
| #define PACKAGE_TARNAME "cpputest"
| #define PACKAGE_VERSION "3.7.1"
| #define PACKAGE_STRING "CppUTest 3.7.1"
| #define PACKAGE_BUGREPORT "https://github.com/cpputest/cpputest"
| #define PACKAGE_URL ""
| #define PACKAGE "cpputest"
| #define VERSION "3.7.1"
| #define STDC_HEADERS 1
| #define HAVE_SYS_TYPES_H 1
| #define HAVE_SYS_STAT_H 1
| #define HAVE_STDLIB_H 1
| #define HAVE_STRING_H 1
| #define HAVE_MEMORY_H 1
| #define HAVE_STRINGS_H 1
| #define HAVE_INTTYPES_H 1
| #define HAVE_STDINT_H 1
| #define HAVE_UNISTD_H 1
| #define HAVE_DLFCN_H 1
| #define LT_OBJDIR ".libs/"
| #define HAVE_STDDEF_H 1
| #define HAVE_STDINT_H 1
| #define HAVE_STDLIB_H 1
| #define HAVE_STRING_H 1
| #define HAVE_SYS_TIME_H 1
| #define HAVE_UNISTD_H 1
| /* end confdefs.h.  */
| #include <stdio.h>
| #ifdef HAVE_SYS_TYPES_H
| # include <sys/types.h>
| #endif
| #ifdef HAVE_SYS_STAT_H
| # include <sys/stat.h>
| #endif
| #ifdef STDC_HEADERS
| # include <stdlib.h>
| # include <stddef.h>
| #else
| # ifdef HAVE_STDLIB_H
| #  include <stdlib.h>
| # endif
| #endif
| #ifdef HAVE_STRING_H
| # if !defined STDC_HEADERS && defined HAVE_MEMORY_H
| #  include <memory.h>
| # endif
| # include <string.h>
| #endif
| #ifdef HAVE_STRINGS_H
| # include <strings.h>
| #endif
| #ifdef HAVE_INTTYPES_H
| # include <inttypes.h>
| #endif
| #ifdef HAVE_STDINT_H
| # include <stdint.h>
| #endif
| #ifdef HAVE_UNISTD_H
| # include <unistd.h>
| #endif
| 	        enum { N = 32 / 2 - 1 };
| int
| main ()
| {
| static int test_array [1 - 2 * !((int32_t) (((((int32_t) 1 << N) << N) - 1) * 2 + 1)
| 		 < (int32_t) (((((int32_t) 1 << N) << N) - 1) * 2 + 2))];
| test_array [0] = 0;
| return test_array [0];
| 
|   ;
|   return 0;
| }
configure:16801: result: yes
configure:16812: checking for int64_t
configure:16812: gcc -c -g -O2  conftest.c >&5
configure:16812: $? = 0
configure:16812: gcc -c -g -O2  conftest.c >&5
conftest.c: In function 'main':
conftest.c:67:53: warning: integer overflow in expression [-Woverflow]
conftest.c:66:12: error: size of array 'test_array' is negative
conftest.c:66:12: error: storage size of 'test_array' isn't constant
configure:16812: $? = 1
configure: failed program was:
| /* confdefs.h */
| #define PACKAGE_NAME "CppUTest"
| #define PACKAGE_TARNAME "cpputest"
| #define PACKAGE_VERSION "3.7.1"
| #define PACKAGE_STRING "CppUTest 3.7.1"
| #define PACKAGE_BUGREPORT "https://github.com/cpputest/cpputest"
| #define PACKAGE_URL ""
| #define PACKAGE "cpputest"
| #define VERSION "3.7.1"
| #define STDC_HEADERS 1
| #define HAVE_SYS_TYPES_H 1
| #define HAVE_SYS_STAT_H 1
| #define HAVE_STDLIB_H 1
| #define HAVE_STRING_H 1
| #define HAVE_MEMORY_H 1
| #define HAVE_STRINGS_H 1
| #define HAVE_INTTYPES_H 1
| #define HAVE_STDINT_H 1
| #define HAVE_UNISTD_H 1
| #define HAVE_DLFCN_H 1
| #define LT_OBJDIR ".libs/"
| #define HAVE_STDDEF_H 1
| #define HAVE_STDINT_H 1
| #define HAVE_STDLIB_H 1
| #define HAVE_STRING_H 1
| #define HAVE_SYS_TIME_H 1
| #define HAVE_UNISTD_H 1
| /* end confdefs.h.  */
| #include <stdio.h>
| #ifdef HAVE_SYS_TYPES_H
| # include <sys/types.h>
| #endif
| #ifdef HAVE_SYS_STAT_H
| # include <sys/stat.h>
| #endif
| #ifdef STDC_HEADERS
| # include <stdlib.h>
| # include <stddef.h>
| #else
| # ifdef HAVE_STDLIB_H
| #  include <stdlib.h>
| # endif
| #endif
| #ifdef HAVE_STRING_H
| # if !defined STDC_HEADERS && defined HAVE_MEMORY_H
| #  include <memory.h>
| # endif
| # include <string.h>
| #endif
| #ifdef HAVE_STRINGS_H
| # include <strings.h>
| #endif
| #ifdef HAVE_INTTYPES_H
| # include <inttypes.h>
| #endif
| #ifdef HAVE_STDINT_H
| # include <stdint.h>
| #endif
| #ifdef HAVE_UNISTD_H
| # include <unistd.h>
| #endif
| 	        enum { N = 64 / 2 - 1 };
| int
| main ()
| {
| static int test_array [1 - 2 * !((int64_t) (((((int64_t) 1 << N) << N) - 1) * 2 + 1)
| 		 < (int64_t) (((((int64_t) 1 << N) << N) - 1) * 2 + 2))];
| test_array [0] = 0;
| return test_array [0];
| 
|   ;
|   return 0;
| }
configure:16812: result: yes
configure:16823: checking for int8_t
configure:16823: gcc -c -g -O2  conftest.c >&5
configure:16823: $? = 0
configure:16823: gcc -c -g -O2  conftest.c >&5
conftest.c: In function 'main':
conftest.c:66:12: error: size of array 'test_array' is negative
configure:16823: $? = 1
configure: failed program was:
| /* confdefs.h */
| #define PACKAGE_NAME "CppUTest"
| #define PACKAGE_TARNAME "cpputest"
| #define PACKAGE_VERSION "3.7.1"
| #define PACKAGE_STRING "CppUTest 3.7.1"
| #define PACKAGE_BUGREPORT "https://github.com/cpputest/cpputest"
| #define PACKAGE_URL ""
| #define PACKAGE "cpputest"
| #define VERSION "3.7.1"
| #define STDC_HEADERS 1
| #define HAVE_SYS_TYPES_H 1
| #define HAVE_SYS_STAT_H 1
| #define HAVE_STDLIB_H 1
| #define HAVE_STRING_H 1
| #define HAVE_MEMORY_H 1
| #define HAVE_STRINGS_H 1
| #define HAVE_INTTYPES_H 1
| #define HAVE_STDINT_H 1
| #define HAVE_UNISTD_H 1
| #define HAVE_DLFCN_H 1
| #define LT_OBJDIR ".libs/"
| #define HAVE_STDDEF_H 1
| #define HAVE_STDINT_H 1
| #define HAVE_STDLIB_H 1
| #define HAVE_STRING_H 1
| #define HAVE_SYS_TIME_H 1
| #define HAVE_UNISTD_H 1
| /* end confdefs.h.  */
| #include <stdio.h>
| #ifdef HAVE_SYS_TYPES_H
| # include <sys/types.h>
| #endif
| #ifdef HAVE_SYS_STAT_H
| # include <sys/stat.h>
| #endif
| #ifdef STDC_HEADERS
| # include <stdlib.h>
| # include <stddef.h>
| #else
| # ifdef HAVE_STDLIB_H
| #  include <stdlib.h>
| # endif
| #endif
| #ifdef HAVE_STRING_H
| # if !defined STDC_HEADERS && defined HAVE_MEMORY_H
| #  include <memory.h>
| # endif
| # include <string.h>
| #endif
| #ifdef HAVE_STRINGS_H
| # include <strings.h>
| #endif
| #ifdef HAVE_INTTYPES_H
| # include <inttypes.h>
| #endif
| #ifdef HAVE_STDINT_H
| # include <stdint.h>
| #endif
| #ifdef HAVE_UNISTD_H
| # include <unistd.h>
| #endif
| 	        enum { N = 8 / 2 - 1 };
| int
| main ()
| {
| static int test_array [1 - 2 * !((int8_t) (((((int8_t) 1 << N) << N) - 1) * 2 + 1)
| 		 < (int8_t) (((((int8_t) 1 << N) << N) - 1) * 2 + 2))];
| test_array [0] = 0;
| return test_array [0];
| 
|   ;
|   return 0;
| }
configure:16823: result: yes
configure:16834: checking for pid_t
configure:16834: gcc -c -g -O2  conftest.c >&5
configure:16834: $? = 0
configure:16834: gcc -c -g -O2  conftest.c >&5
conftest.c: In function 'main':
conftest.c:65:20: error: expected expression before ')' token
configure:16834: $? = 1
configure: failed program was:
| /* confdefs.h */
| #define PACKAGE_NAME "CppUTest"
| #define PACKAGE_TARNAME "cpputest"
| #define PACKAGE_VERSION "3.7.1"
| #define PACKAGE_STRING "CppUTest 3.7.1"
| #define PACKAGE_BUGREPORT "https://github.com/cpputest/cpputest"
| #define PACKAGE_URL ""
| #define PACKAGE "cpputest"
| #define VERSION "3.7.1"
| #define STDC_HEADERS 1
| #define HAVE_SYS_TYPES_H 1
| #define HAVE_SYS_STAT_H 1
| #define HAVE_STDLIB_H 1
| #define HAVE_STRING_H 1
| #define HAVE_MEMORY_H 1
| #define HAVE_STRINGS_H 1
| #define HAVE_INTTYPES_H 1
| #define HAVE_STDINT_H 1
| #define HAVE_UNISTD_H 1
| #define HAVE_DLFCN_H 1
| #define LT_OBJDIR ".libs/"
| #define HAVE_STDDEF_H 1
| #define HAVE_STDINT_H 1
| #define HAVE_STDLIB_H 1
| #define HAVE_STRING_H 1
| #define HAVE_SYS_TIME_H 1
| #define HAVE_UNISTD_H 1
| /* end confdefs.h.  */
| #include <stdio.h>
| #ifdef HAVE_SYS_TYPES_H
| # include <sys/types.h>
| #endif
| #ifdef HAVE_SYS_STAT_H
| # include <sys/stat.h>
| #endif
| #ifdef STDC_HEADERS
| # include <stdlib.h>
| # include <stddef.h>
| #else
| # ifdef HAVE_STDLIB_H
| #  include <stdlib.h>
| # endif
| #endif
| #ifdef HAVE_STRING_H
| # if !defined STDC_HEADERS && defined HAVE_MEMORY_H
| #  include <memory.h>
| # endif
| # include <string.h>
| #endif
| #ifdef HAVE_STRINGS_H
| # include <strings.h>
| #endif
| #ifdef HAVE_INTTYPES_H
| # include <inttypes.h>
| #endif
| #ifdef HAVE_STDINT_H
| # include <stdint.h>
| #endif
| #ifdef HAVE_UNISTD_H
| # include <unistd.h>
| #endif
| int
| main ()
| {
| if (sizeof ((pid_t)))
| 	    return 0;
|   ;
|   return 0;
| }
configure:16834: result: yes
configure:16845: checking for size_t
configure:16845: gcc -c -g -O2  conftest.c >&5
configure:16845: $? = 0
configure:16845: gcc -c -g -O2  conftest.c >&5
conftest.c: In function 'main':
conftest.c:65:21: error: expected expression before ')' token
configure:16845: $? = 1
configure: failed program was:
| /* confdefs.h */
| #define PACKAGE_NAME "CppUTest"
| #define PACKAGE_TARNAME "cpputest"
| #define PACKAGE_VERSION "3.7.1"
| #define PACKAGE_STRING "CppUTest 3.7.1"
| #define PACKAGE_BUGREPORT "https://github.com/cpputest/cpputest"
| #define PACKAGE_URL ""
| #define PACKAGE "cpputest"
| #define VERSION "3.7.1"
| #define STDC_HEADERS 1
| #define HAVE_SYS_TYPES_H 1
| #define HAVE_SYS_STAT_H 1
| #define HAVE_STDLIB_H 1
| #define HAVE_STRING_H 1
| #define HAVE_MEMORY_H 1
| #define HAVE_STRINGS_H 1
| #define HAVE_INTTYPES_H 1
| #define HAVE_STDINT_H 1
| #define HAVE_UNISTD_H 1
| #define HAVE_DLFCN_H 1
| #define LT_OBJDIR ".libs/"
| #define HAVE_STDDEF_H 1
| #define HAVE_STDINT_H 1
| #define HAVE_STDLIB_H 1
| #define HAVE_STRING_H 1
| #define HAVE_SYS_TIME_H 1
| #define HAVE_UNISTD_H 1
| /* end confdefs.h.  */
| #include <stdio.h>
| #ifdef HAVE_SYS_TYPES_H
| # include <sys/types.h>
| #endif
| #ifdef HAVE_SYS_STAT_H
| # include <sys/stat.h>
| #endif
| #ifdef STDC_HEADERS
| # include <stdlib.h>
| # include <stddef.h>
| #else
| # ifdef HAVE_STDLIB_H
| #  include <stdlib.h>
| # endif
| #endif
| #ifdef HAVE_STRING_H
| # if !defined STDC_HEADERS && defined HAVE_MEMORY_H
| #  include <memory.h>
| # endif
| # include <string.h>
| #endif
| #ifdef HAVE_STRINGS_H
| # include <strings.h>
| #endif
| #ifdef HAVE_INTTYPES_H
| # include <inttypes.h>
| #endif
| #ifdef HAVE_STDINT_H
| # include <stdint.h>
| #endif
| #ifdef HAVE_UNISTD_H
| # include <unistd.h>
| #endif
| int
| main ()
| {
| if (sizeof ((size_t)))
| 	    return 0;
|   ;
|   return 0;
| }
configure:16845: result: yes
configure:16856: checking for uint16_t
configure:16856: gcc -c -g -O2  conftest.c >&5
configure:16856: $? = 0
configure:16856: result: yes
configure:16868: checking for uint32_t
configure:16868: gcc -c -g -O2  conftest.c >&5
configure:16868: $? = 0
configure:16868: result: yes
configure:16882: checking for uint64_t
configure:16882: gcc -c -g -O2  conftest.c >&5
configure:16882: $? = 0
configure:16882: result: yes
configure:16896: checking for uint8_t
configure:16896: gcc -c -g -O2  conftest.c >&5
configure:16896: $? = 0
configure:16896: result: yes
configure:16914: checking vfork.h usability
configure:16914: gcc -c -g -O2  conftest.c >&5
conftest.c:62:19: fatal error: vfork.h: No such file or directory
compilation terminated.
configure:16914: $? = 1
configure: failed program was:
| /* confdefs.h */
| #define PACKAGE_NAME "CppUTest"
| #define PACKAGE_TARNAME "cpputest"
| #define PACKAGE_VERSION "3.7.1"
| #define PACKAGE_STRING "CppUTest 3.7.1"
| #define PACKAGE_BUGREPORT "https://github.com/cpputest/cpputest"
| #define PACKAGE_URL ""
| #define PACKAGE "cpputest"
| #define VERSION "3.7.1"
| #define STDC_HEADERS 1
| #define HAVE_SYS_TYPES_H 1
| #define HAVE_SYS_STAT_H 1
| #define HAVE_STDLIB_H 1
| #define HAVE_STRING_H 1
| #define HAVE_MEMORY_H 1
| #define HAVE_STRINGS_H 1
| #define HAVE_INTTYPES_H 1
| #define HAVE_STDINT_H 1
| #define HAVE_UNISTD_H 1
| #define HAVE_DLFCN_H 1
| #define LT_OBJDIR ".libs/"
| #define HAVE_STDDEF_H 1
| #define HAVE_STDINT_H 1
| #define HAVE_STDLIB_H 1
| #define HAVE_STRING_H 1
| #define HAVE_SYS_TIME_H 1
| #define HAVE_UNISTD_H 1
| /* end confdefs.h.  */
| #include <stdio.h>
| #ifdef HAVE_SYS_TYPES_H
| # include <sys/types.h>
| #endif
| #ifdef HAVE_SYS_STAT_H
| # include <sys/stat.h>
| #endif
| #ifdef STDC_HEADERS
| # include <stdlib.h>
| # include <stddef.h>
| #else
| # ifdef HAVE_STDLIB_H
| #  include <stdlib.h>
| # endif
| #endif
| #ifdef HAVE_STRING_H
| # if !defined STDC_HEADERS && defined HAVE_MEMORY_H
| #  include <memory.h>
| # endif
| # include <string.h>
| #endif
| #ifdef HAVE_STRINGS_H
| # include <strings.h>
| #endif
| #ifdef HAVE_INTTYPES_H
| # include <inttypes.h>
| #endif
| #ifdef HAVE_STDINT_H
| # include <stdint.h>
| #endif
| #ifdef HAVE_UNISTD_H
| # include <unistd.h>
| #endif
| #include <vfork.h>
configure:16914: result: no
configure:16914: checking vfork.h presence
configure:16914: gcc -E  conftest.c
conftest.c:29:19: fatal error: vfork.h: No such file or directory
compilation terminated.
configure:16914: $? = 1
configure: failed program was:
| /* confdefs.h */
| #define PACKAGE_NAME "CppUTest"
| #define PACKAGE_TARNAME "cpputest"
| #define PACKAGE_VERSION "3.7.1"
| #define PACKAGE_STRING "CppUTest 3.7.1"
| #define PACKAGE_BUGREPORT "https://github.com/cpputest/cpputest"
| #define PACKAGE_URL ""
| #define PACKAGE "cpputest"
| #define VERSION "3.7.1"
| #define STDC_HEADERS 1
| #define HAVE_SYS_TYPES_H 1
| #define HAVE_SYS_STAT_H 1
| #define HAVE_STDLIB_H 1
| #define HAVE_STRING_H 1
| #define HAVE_MEMORY_H 1
| #define HAVE_STRINGS_H 1
| #define HAVE_INTTYPES_H 1
| #define HAVE_STDINT_H 1
| #define HAVE_UNISTD_H 1
| #define HAVE_DLFCN_H 1
| #define LT_OBJDIR ".libs/"
| #define HAVE_STDDEF_H 1
| #define HAVE_STDINT_H 1
| #define HAVE_STDLIB_H 1
| #define HAVE_STRING_H 1
| #define HAVE_SYS_TIME_H 1
| #define HAVE_UNISTD_H 1
| /* end confdefs.h.  */
| #include <vfork.h>
configure:16914: result: no
configure:16914: checking for vfork.h
configure:16914: result: no
configure:16927: checking for fork
configure:16927: gcc -o conftest -g -O2   conftest.c    -lpthread >&5
conftest.c:52:6: warning: conflicting types for built-in function 'fork' [enabled by default]
configure:16927: $? = 0
configure:16927: result: yes
configure:16927: checking for vfork
configure:16927: gcc -o conftest -g -O2   conftest.c    -lpthread >&5
configure:16927: $? = 0
configure:16927: result: yes
configure:16937: checking for working fork
configure:16959: gcc -o conftest -g -O2   conftest.c    -lpthread >&5
configure:16959: $? = 0
configure:16959: ./conftest
configure:16959: $? = 0
configure:16969: result: yes
configure:16990: checking for working vfork
configure:17100: result: yes
configure:17128: checking for gettimeofday
configure:17128: gcc -o conftest -g -O2   conftest.c    -lpthread >&5
configure:17128: $? = 0
configure:17128: result: yes
configure:17128: checking for memset
configure:17128: gcc -o conftest -g -O2   conftest.c    -lpthread >&5
conftest.c:57:6: warning: conflicting types for built-in function 'memset' [enabled by default]
configure:17128: $? = 0
configure:17128: result: yes
configure:17128: checking for strstr
configure:17128: gcc -o conftest -g -O2   conftest.c    -lpthread >&5
conftest.c:58:6: warning: conflicting types for built-in function 'strstr' [enabled by default]
configure:17128: $? = 0
configure:17128: result: yes
configure:17140: checking for gcc
configure:17156: found /usr/lib/ccache/gcc
configure:17168: result: yes
configure:17178: checking for clang
configure:17206: result: no
configure:17216: checking for lcov
configure:17244: result: no
configure:17254: checking for valgrind
configure:17270: found /usr/bin/valgrind
configure:17282: result: yes
configure:17292: checking for dash
configure:17308: found /bin/dash
configure:17320: result: yes
configure:17363: checking whether CC and CXX supports -Weverything
configure:17376: gcc -c -Werror -Weverything -Wno-unused-macros  conftest.c >&5
cc1: error: unrecognized command line option '-Weverything'
configure:17376: $? = 1
configure: failed program was:
| /* confdefs.h */
| #define PACKAGE_NAME "CppUTest"
| #define PACKAGE_TARNAME "cpputest"
| #define PACKAGE_VERSION "3.7.1"
| #define PACKAGE_STRING "CppUTest 3.7.1"
| #define PACKAGE_BUGREPORT "https://github.com/cpputest/cpputest"
| #define PACKAGE_URL ""
| #define PACKAGE "cpputest"
| #define VERSION "3.7.1"
| #define STDC_HEADERS 1
| #define HAVE_SYS_TYPES_H 1
| #define HAVE_SYS_STAT_H 1
| #define HAVE_STDLIB_H 1
| #define HAVE_STRING_H 1
| #define HAVE_MEMORY_H 1
| #define HAVE_STRINGS_H 1
| #define HAVE_INTTYPES_H 1
| #define HAVE_STDINT_H 1
| #define HAVE_UNISTD_H 1
| #define HAVE_DLFCN_H 1
| #define LT_OBJDIR ".libs/"
| #define HAVE_STDDEF_H 1
| #define HAVE_STDINT_H 1
| #define HAVE_STDLIB_H 1
| #define HAVE_STRING_H 1
| #define HAVE_SYS_TIME_H 1
| #define HAVE_UNISTD_H 1
| #define HAVE_FORK 1
| #define HAVE_VFORK 1
| #define HAVE_WORKING_VFORK 1
| #define HAVE_WORKING_FORK 1
| #define HAVE_GETTIMEOFDAY 1
| #define HAVE_MEMSET 1
| #define HAVE_STRSTR 1
| /* end confdefs.h.  */
| 
| int
| main ()
| {
| 
|   ;
|   return 0;
| }
configure:17380: result: no
configure:17388: checking whether CXX supports -Wno-c++98-compat
configure:17401: gcc -c -g -O2  conftest.c >&5
configure:17401: $? = 0
configure:17402: result: yes
configure:17413: checking whether CC and CXX supports -Wall
configure:17426: gcc -c -Werror -Wall  conftest.c >&5
configure:17426: $? = 0
configure:17427: result: yes
configure:17438: checking whether CC and CXX supports -Wextra
configure:17451: gcc -c -Werror -Wextra  conftest.c >&5
configure:17451: $? = 0
configure:17452: result: yes
configure:17463: checking whether CC and CXX supports -Wshadow
configure:17476: gcc -c -Werror -Wshadow  conftest.c >&5
configure:17476: $? = 0
configure:17477: result: yes
configure:17488: checking whether CC and CXX supports -Wswitch-default
configure:17501: gcc -c -Werror -Wswitch-default  conftest.c >&5
configure:17501: $? = 0
configure:17502: result: yes
configure:17513: checking whether CC and CXX supports -Wswitch-enum
configure:17526: gcc -c -Werror -Wswitch-enum  conftest.c >&5
configure:17526: $? = 0
configure:17527: result: yes
configure:17538: checking whether CC and CXX supports -Wconversion
configure:17551: gcc -c -Werror -Wconversion  conftest.c >&5
configure:17551: $? = 0
configure:17552: result: yes
configure:17563: checking whether CC and CXX supports -pedantic
configure:17576: gcc -c -Werror -pedantic  conftest.c >&5
configure:17576: $? = 0
configure:17577: result: yes
configure:17588: checking whether CC supports -Wsign-conversion
configure:17601: gcc -c -Werror -Wsign-conversion  conftest.c >&5
configure:17601: $? = 0
configure:17602: result: yes
configure:17619: checking whether CXX supports -Wsign-conversion
configure:17632: g++ -c -Werror -Wsign-conversion  conftest.cpp >&5
configure:17632: $? = 0
configure:17633: result: yes
configure:17656: checking whether CXX supports -Woverloaded-virtual
configure:17669: g++ -c -Werror -Woverloaded-virtual  conftest.cpp >&5
configure:17669: $? = 0
configure:17670: result: yes
configure:17687: checking whether CC supports -Wstrict-prototypes
configure:17700: gcc -c -Werror -Wstrict-prototypes  conftest.c >&5
conftest.c:38:1: error: function declaration isn't a prototype [-Werror=strict-prototypes]
cc1: all warnings being treated as errors
configure:17700: $? = 1
configure: failed program was:
| /* confdefs.h */
| #define PACKAGE_NAME "CppUTest"
| #define PACKAGE_TARNAME "cpputest"
| #define PACKAGE_VERSION "3.7.1"
| #define PACKAGE_STRING "CppUTest 3.7.1"
| #define PACKAGE_BUGREPORT "https://github.com/cpputest/cpputest"
| #define PACKAGE_URL ""
| #define PACKAGE "cpputest"
| #define VERSION "3.7.1"
| #define STDC_HEADERS 1
| #define HAVE_SYS_TYPES_H 1
| #define HAVE_SYS_STAT_H 1
| #define HAVE_STDLIB_H 1
| #define HAVE_STRING_H 1
| #define HAVE_MEMORY_H 1
| #define HAVE_STRINGS_H 1
| #define HAVE_INTTYPES_H 1
| #define HAVE_STDINT_H 1
| #define HAVE_UNISTD_H 1
| #define HAVE_DLFCN_H 1
| #define LT_OBJDIR ".libs/"
| #define HAVE_STDDEF_H 1
| #define HAVE_STDINT_H 1
| #define HAVE_STDLIB_H 1
| #define HAVE_STRING_H 1
| #define HAVE_SYS_TIME_H 1
| #define HAVE_UNISTD_H 1
| #define HAVE_FORK 1
| #define HAVE_VFORK 1
| #define HAVE_WORKING_VFORK 1
| #define HAVE_WORKING_FORK 1
| #define HAVE_GETTIMEOFDAY 1
| #define HAVE_MEMSET 1
| #define HAVE_STRSTR 1
| /* end confdefs.h.  */
| 
| int
| main ()
| {
| 
|   ;
|   return 0;
| }
configure:17704: result: no
configure:17713: checking whether CC and CXX supports -Wno-disabled-macro-expansion
configure:17726: gcc -c -Werror -Wno-disabled-macro-expansion  conftest.c >&5
configure:17726: $? = 0
configure:17727: result: yes
configure:17738: checking whether CC and CXX supports -Wno-padded
configure:17751: gcc -c -Werror -Wno-padded  conftest.c >&5
configure:17751: $? = 0
configure:17752: result: yes
configure:17769: checking whether CXX supports -Wno-global-constructors
configure:17782: g++ -c -Werror -Wno-global-constructors  conftest.cpp >&5
configure:17782: $? = 0
configure:17783: result: yes
configure:17806: checking whether CXX supports -Wno-exit-time-destructors
configure:17819: g++ -c -Werror -Wno-exit-time-destructors  conftest.cpp >&5
configure:17819: $? = 0
configure:17820: result: yes
configure:17843: checking whether CXX supports -Wno-weak-vtables
configure:17856: g++ -c -Werror -Wno-weak-vtables  conftest.cpp >&5
configure:17856: $? = 0
configure:17857: result: yes
configure:17880: checking whether CXX supports -Wno-old-style-cast
configure:17893: g++ -c -Werror -Wno-old-style-cast  conftest.cpp >&5
configure:17893: $? = 0
configure:17894: result: yes
configure:17917: checking whether CXX and the linker supports --coverage (broken in clang 3.3)
configure:17930: g++ -o conftest -Werror --coverage   conftest.cpp    -lpthread >&5
configure:17930: $? = 0
configure:17931: result: yes
configure:17957: checking whether CXX supports -std=c++0x
configure:17970: g++ -c -std=c++0x  conftest.cpp >&5
configure:17970: $? = 0
configure:17971: result: yes
configure:17981: checking whether CXX supports -std=c++11
configure:17994: g++ -c -std=c++11  conftest.cpp >&5
cc1plus: error: unrecognized command line option '-std=c++11'
configure:17994: $? = 1
configure: failed program was:
| /* confdefs.h */
| #define PACKAGE_NAME "CppUTest"
| #define PACKAGE_TARNAME "cpputest"
| #define PACKAGE_VERSION "3.7.1"
| #define PACKAGE_STRING "CppUTest 3.7.1"
| #define PACKAGE_BUGREPORT "https://github.com/cpputest/cpputest"
| #define PACKAGE_URL ""
| #define PACKAGE "cpputest"
| #define VERSION "3.7.1"
| #define STDC_HEADERS 1
| #define HAVE_SYS_TYPES_H 1
| #define HAVE_SYS_STAT_H 1
| #define HAVE_STDLIB_H 1
| #define HAVE_STRING_H 1
| #define HAVE_MEMORY_H 1
| #define HAVE_STRINGS_H 1
| #define HAVE_INTTYPES_H 1
| #define HAVE_STDINT_H 1
| #define HAVE_UNISTD_H 1
| #define HAVE_DLFCN_H 1
| #define LT_OBJDIR ".libs/"
| #define HAVE_STDDEF_H 1
| #define HAVE_STDINT_H 1
| #define HAVE_STDLIB_H 1
| #define HAVE_STRING_H 1
| #define HAVE_SYS_TIME_H 1
| #define HAVE_UNISTD_H 1
| #define HAVE_FORK 1
| #define HAVE_VFORK 1
| #define HAVE_WORKING_VFORK 1
| #define HAVE_WORKING_FORK 1
| #define HAVE_GETTIMEOFDAY 1
| #define HAVE_MEMSET 1
| #define HAVE_STRSTR 1
| /* end confdefs.h.  */
| 
| int
| main ()
| {
| 
|   ;
|   return 0;
| }
configure:17998: result: no
configure:18005: checking whether CXX supports -stdlib=libc++
configure:18018: g++ -c -stdlib=libc++  conftest.cpp >&5
cc1plus: error: unrecognized command line option '-stdlib=libc++'
configure:18018: $? = 1
configure: failed program was:
| /* confdefs.h */
| #define PACKAGE_NAME "CppUTest"
| #define PACKAGE_TARNAME "cpputest"
| #define PACKAGE_VERSION "3.7.1"
| #define PACKAGE_STRING "CppUTest 3.7.1"
| #define PACKAGE_BUGREPORT "https://github.com/cpputest/cpputest"
| #define PACKAGE_URL ""
| #define PACKAGE "cpputest"
| #define VERSION "3.7.1"
| #define STDC_HEADERS 1
| #define HAVE_SYS_TYPES_H 1
| #define HAVE_SYS_STAT_H 1
| #define HAVE_STDLIB_H 1
| #define HAVE_STRING_H 1
| #define HAVE_MEMORY_H 1
| #define HAVE_STRINGS_H 1
| #define HAVE_INTTYPES_H 1
| #define HAVE_STDINT_H 1
| #define HAVE_UNISTD_H 1
| #define HAVE_DLFCN_H 1
| #define LT_OBJDIR ".libs/"
| #define HAVE_STDDEF_H 1
| #define HAVE_STDINT_H 1
| #define HAVE_STDLIB_H 1
| #define HAVE_STRING_H 1
| #define HAVE_SYS_TIME_H 1
| #define HAVE_UNISTD_H 1
| #define HAVE_FORK 1
| #define HAVE_VFORK 1
| #define HAVE_WORKING_VFORK 1
| #define HAVE_WORKING_FORK 1
| #define HAVE_GETTIMEOFDAY 1
| #define HAVE_MEMSET 1
| #define HAVE_STRSTR 1
| /* end confdefs.h.  */
| #include <cstdio>
| int
| main ()
| {
| 
|   ;
|   return 0;
| }
configure:18022: result: no
configure:18046: checking whether CXX supports operator delete without exception handling specifier
configure:18059: g++ -c -Werror  conftest.cpp >&5
conftest.cpp:36:15: error: extra tokens at end of #include directive [-Werror]
cc1plus: all warnings being treated as errors
configure:18059: $? = 1
configure: failed program was:
| /* confdefs.h */
| #define PACKAGE_NAME "CppUTest"
| #define PACKAGE_TARNAME "cpputest"
| #define PACKAGE_VERSION "3.7.1"
| #define PACKAGE_STRING "CppUTest 3.7.1"
| #define PACKAGE_BUGREPORT "https://github.com/cpputest/cpputest"
| #define PACKAGE_URL ""
| #define PACKAGE "cpputest"
| #define VERSION "3.7.1"
| #define STDC_HEADERS 1
| #define HAVE_SYS_TYPES_H 1
| #define HAVE_SYS_STAT_H 1
| #define HAVE_STDLIB_H 1
| #define HAVE_STRING_H 1
| #define HAVE_MEMORY_H 1
| #define HAVE_STRINGS_H 1
| #define HAVE_INTTYPES_H 1
| #define HAVE_STDINT_H 1
| #define HAVE_UNISTD_H 1
| #define HAVE_DLFCN_H 1
| #define LT_OBJDIR ".libs/"
| #define HAVE_STDDEF_H 1
| #define HAVE_STDINT_H 1
| #define HAVE_STDLIB_H 1
| #define HAVE_STRING_H 1
| #define HAVE_SYS_TIME_H 1
| #define HAVE_UNISTD_H 1
| #define HAVE_FORK 1
| #define HAVE_VFORK 1
| #define HAVE_WORKING_VFORK 1
| #define HAVE_WORKING_FORK 1
| #define HAVE_GETTIMEOFDAY 1
| #define HAVE_MEMSET 1
| #define HAVE_STRSTR 1
| /* end confdefs.h.  */
| #include <new>\nvoid operator delete(void* mem);
| int
| main ()
| {
| 
|   ;
|   return 0;
| }
configure:18063: result: no
configure:18071: checking whether CXX supports operator new with exception handling specifier
configure:18084: g++ -c -Werror  conftest.cpp >&5
conftest.cpp:36:15: error: extra tokens at end of #include directive [-Werror]
cc1plus: all warnings being treated as errors
configure:18084: $? = 1
configure: failed program was:
| /* confdefs.h */
| #define PACKAGE_NAME "CppUTest"
| #define PACKAGE_TARNAME "cpputest"
| #define PACKAGE_VERSION "3.7.1"
| #define PACKAGE_STRING "CppUTest 3.7.1"
| #define PACKAGE_BUGREPORT "https://github.com/cpputest/cpputest"
| #define PACKAGE_URL ""
| #define PACKAGE "cpputest"
| #define VERSION "3.7.1"
| #define STDC_HEADERS 1
| #define HAVE_SYS_TYPES_H 1
| #define HAVE_SYS_STAT_H 1
| #define HAVE_STDLIB_H 1
| #define HAVE_STRING_H 1
| #define HAVE_MEMORY_H 1
| #define HAVE_STRINGS_H 1
| #define HAVE_INTTYPES_H 1
| #define HAVE_STDINT_H 1
| #define HAVE_UNISTD_H 1
| #define HAVE_DLFCN_H 1
| #define LT_OBJDIR ".libs/"
| #define HAVE_STDDEF_H 1
| #define HAVE_STDINT_H 1
| #define HAVE_STDLIB_H 1
| #define HAVE_STRING_H 1
| #define HAVE_SYS_TIME_H 1
| #define HAVE_UNISTD_H 1
| #define HAVE_FORK 1
| #define HAVE_VFORK 1
| #define HAVE_WORKING_VFORK 1
| #define HAVE_WORKING_FORK 1
| #define HAVE_GETTIMEOFDAY 1
| #define HAVE_MEMSET 1
| #define HAVE_STRSTR 1
| /* end confdefs.h.  */
| #include <new>\nvoid* operator new(size_t size) throw(std::bad_alloc);;
| int
| main ()
| {
| 
|   ;
|   return 0;
| }
configure:18088: result: no
configure:18114: checking whether CXXLD supports -Qunused-arguments linker option
configure:18129: result: no
configure:18135: checking whether LD supports -Wl,-map
configure:18148: gcc -o conftest -g -O2   -Wl,-map,filename.map.txt conftest.c    -lpthread >&5
/usr/bin/ld: unrecognised emulation mode: ap
Supported emulations: elf_i386 i386linux elf_x86_64 elf32_x86_64 elf_l1om
collect2: ld returned 1 exit status
configure:18148: $? = 1
configure: failed program was:
| /* confdefs.h */
| #define PACKAGE_NAME "CppUTest"
| #define PACKAGE_TARNAME "cpputest"
| #define PACKAGE_VERSION "3.7.1"
| #define PACKAGE_STRING "CppUTest 3.7.1"
| #define PACKAGE_BUGREPORT "https://github.com/cpputest/cpputest"
| #define PACKAGE_URL ""
| #define PACKAGE "cpputest"
| #define VERSION "3.7.1"
| #define STDC_HEADERS 1
| #define HAVE_SYS_TYPES_H 1
| #define HAVE_SYS_STAT_H 1
| #define HAVE_STDLIB_H 1
| #define HAVE_STRING_H 1
| #define HAVE_MEMORY_H 1
| #define HAVE_STRINGS_H 1
| #define HAVE_INTTYPES_H 1
| #define HAVE_STDINT_H 1
| #define HAVE_UNISTD_H 1
| #define HAVE_DLFCN_H 1
| #define LT_OBJDIR ".libs/"
| #define HAVE_STDDEF_H 1
| #define HAVE_STDINT_H 1
| #define HAVE_STDLIB_H 1
| #define HAVE_STRING_H 1
| #define HAVE_SYS_TIME_H 1
| #define HAVE_UNISTD_H 1
| #define HAVE_FORK 1
| #define HAVE_VFORK 1
| #define HAVE_WORKING_VFORK 1
| #define HAVE_WORKING_FORK 1
| #define HAVE_GETTIMEOFDAY 1
| #define HAVE_MEMSET 1
| #define HAVE_STRSTR 1
| /* end confdefs.h.  */
| 
| int
| main ()
| {
| 
|   ;
|   return 0;
| }
configure:18152: result: no
configure:18296: checking for the availability of gmock via the GMOCK_HOME variable
configure:18498: checking that generated files are newer than configure
configure:18504: result: done
configure:18547: creating ./config.status

## ---------------------- ##
## Running config.status. ##
## ---------------------- ##

This file was extended by CppUTest config.status 3.7.1, which was
generated by GNU Autoconf 2.69.  Invocation command line was

  CONFIG_FILES    = 
  CONFIG_HEADERS  = 
  CONFIG_LINKS    = 
  CONFIG_COMMANDS = 
  $ ./config.status 

on dt-server1

config.status:1189: creating cpputest.pc
config.status:1189: creating Makefile
config.status:1189: creating config.h
config.status:1418: executing depfiles commands
config.status:1418: executing libtool commands

## ---------------- ##
## Cache variables. ##
## ---------------- ##

ac_cv_build=i686-pc-linux-gnu
ac_cv_c_compiler_gnu=yes
ac_cv_c_inline=inline
ac_cv_c_int16_t=yes
ac_cv_c_int32_t=yes
ac_cv_c_int64_t=yes
ac_cv_c_int8_t=yes
ac_cv_c_uint16_t=yes
ac_cv_c_uint32_t=yes
ac_cv_c_uint64_t=yes
ac_cv_c_uint8_t=yes
ac_cv_cxx_compiler_gnu=yes
ac_cv_env_CCC_set=
ac_cv_env_CCC_value=
ac_cv_env_CC_set=
ac_cv_env_CC_value=
ac_cv_env_CFLAGS_set=
ac_cv_env_CFLAGS_value=
ac_cv_env_CPPFLAGS_set=
ac_cv_env_CPPFLAGS_value=
ac_cv_env_CPP_set=
ac_cv_env_CPP_value=
ac_cv_env_CXXCPP_set=
ac_cv_env_CXXCPP_value=
ac_cv_env_CXXFLAGS_set=
ac_cv_env_CXXFLAGS_value=
ac_cv_env_CXX_set=
ac_cv_env_CXX_value=
ac_cv_env_GMOCK_HOME_set=
ac_cv_env_GMOCK_HOME_value=
ac_cv_env_LDFLAGS_set=
ac_cv_env_LDFLAGS_value=
ac_cv_env_LIBS_set=
ac_cv_env_LIBS_value=
ac_cv_env_build_alias_set=
ac_cv_env_build_alias_value=
ac_cv_env_host_alias_set=
ac_cv_env_host_alias_value=
ac_cv_env_target_alias_set=
ac_cv_env_target_alias_value=
ac_cv_func_dlopen=no
ac_cv_func_fork=yes
ac_cv_func_fork_works=yes
ac_cv_func_gettimeofday=yes
ac_cv_func_memset=yes
ac_cv_func_shl_load=no
ac_cv_func_strstr=yes
ac_cv_func_vfork=yes
ac_cv_func_vfork_works=yes
ac_cv_header_dlfcn_h=yes
ac_cv_header_inttypes_h=yes
ac_cv_header_memory_h=yes
ac_cv_header_stdc=yes
ac_cv_header_stddef_h=yes
ac_cv_header_stdint_h=yes
ac_cv_header_stdlib_h=yes
ac_cv_header_string_h=yes
ac_cv_header_strings_h=yes
ac_cv_header_sys_stat_h=yes
ac_cv_header_sys_time_h=yes
ac_cv_header_sys_types_h=yes
ac_cv_header_unistd_h=yes
ac_cv_header_vfork_h=no
ac_cv_host=i686-pc-linux-gnu
ac_cv_lib_dl_dlopen=yes
ac_cv_lib_dld_shl_load=no
ac_cv_objext=o
ac_cv_path_EGREP='/bin/grep -E'
ac_cv_path_FGREP='/bin/grep -F'
ac_cv_path_GREP=/bin/grep
ac_cv_path_SED=/bin/sed
ac_cv_path_install='/usr/bin/install -c'
ac_cv_path_mkdir=/bin/mkdir
ac_cv_prog_AWK=gawk
ac_cv_prog_CPP='gcc -E'
ac_cv_prog_CPPUTEST_HAS_CLANG=no
ac_cv_prog_CPPUTEST_HAS_DASH=yes
ac_cv_prog_CPPUTEST_HAS_GCC=yes
ac_cv_prog_CPPUTEST_HAS_LCOV=no
ac_cv_prog_CPPUTEST_HAS_VALGRIND=yes
ac_cv_prog_CXXCPP='g++ -E'
ac_cv_prog_ac_ct_AR=ar
ac_cv_prog_ac_ct_CC=gcc
ac_cv_prog_ac_ct_CXX=g++
ac_cv_prog_ac_ct_OBJDUMP=objdump
ac_cv_prog_ac_ct_RANLIB=ranlib
ac_cv_prog_ac_ct_STRIP=strip
ac_cv_prog_cc_c89=
ac_cv_prog_cc_g=yes
ac_cv_prog_cxx_g=yes
ac_cv_prog_make_make_set=yes
ac_cv_type_pid_t=yes
ac_cv_type_size_t=yes
am_cv_CC_dependencies_compiler_type=gcc3
am_cv_CXX_dependencies_compiler_type=gcc3
am_cv_make_support_nested_variables=yes
am_cv_prog_cc_c_o=yes
lt_cv_ar_at_file=@
lt_cv_archive_cmds_need_lc=no
lt_cv_deplibs_check_method=pass_all
lt_cv_dlopen=dlopen
lt_cv_dlopen_libs=-ldl
lt_cv_dlopen_self=yes
lt_cv_dlopen_self_static=yes
lt_cv_file_magic_cmd='$MAGIC_CMD'
lt_cv_file_magic_test_file=
lt_cv_ld_reload_flag=-r
lt_cv_nm_interface='BSD nm'
lt_cv_objdir=.libs
lt_cv_path_LD=/usr/bin/ld
lt_cv_path_LDCXX=/usr/bin/ld
lt_cv_path_NM='/usr/bin/nm -B'
lt_cv_path_mainfest_tool=no
lt_cv_prog_compiler_c_o=yes
lt_cv_prog_compiler_c_o_CXX=yes
lt_cv_prog_compiler_pic='-fPIC -DPIC'
lt_cv_prog_compiler_pic_CXX='-fPIC -DPIC'
lt_cv_prog_compiler_pic_works=yes
lt_cv_prog_compiler_pic_works_CXX=yes
lt_cv_prog_compiler_rtti_exceptions=no
lt_cv_prog_compiler_static_works=no
lt_cv_prog_compiler_static_works_CXX=no
lt_cv_prog_gnu_ld=yes
lt_cv_prog_gnu_ldcxx=yes
lt_cv_sharedlib_from_linklib_cmd='printf %s\n'
lt_cv_shlibpath_overrides_runpath=no
lt_cv_sys_global_symbol_pipe='sed -n -e '\''s/^.*[	 ]\([ABCDGIRSTW][ABCDGIRSTW]*\)[	 ][	 ]*\([_A-Za-z][_A-Za-z0-9]*\)$/\1 \2 \2/p'\'' | sed '\''/ __gnu_lto/d'\'''
lt_cv_sys_global_symbol_to_c_name_address='sed -n -e '\''s/^: \([^ ]*\)[ ]*$/  {\"\1\", (void *) 0},/p'\'' -e '\''s/^[ABCDGIRSTW]* \([^ ]*\) \([^ ]*\)$/  {"\2", (void *) \&\2},/p'\'''
lt_cv_sys_global_symbol_to_c_name_address_lib_prefix='sed -n -e '\''s/^: \([^ ]*\)[ ]*$/  {\"\1\", (void *) 0},/p'\'' -e '\''s/^[ABCDGIRSTW]* \([^ ]*\) \(lib[^ ]*\)$/  {"\2", (void *) \&\2},/p'\'' -e '\''s/^[ABCDGIRSTW]* \([^ ]*\) \([^ ]*\)$/  {"lib\2", (void *) \&\2},/p'\'''
lt_cv_sys_global_symbol_to_cdecl='sed -n -e '\''s/^T .* \(.*\)$/extern int \1();/p'\'' -e '\''s/^[ABCDGIRSTW]* .* \(.*\)$/extern char \1;/p'\'''
lt_cv_sys_max_cmd_len=1572864
lt_cv_to_host_file_cmd=func_convert_file_noop
lt_cv_to_tool_file_cmd=func_convert_file_noop

## ----------------- ##
## Output variables. ##
## ----------------- ##

ACLOCAL='${SHELL} /home/martin/my_sip/cpputest/missing aclocal-1.14'
ALL_FILES_IN_GIT=''
AMDEPBACKSLASH='\'
AMDEP_FALSE='#'
AMDEP_TRUE=''
AMTAR='$${TAR-tar}'
AM_BACKSLASH='\'
AM_DEFAULT_V='$(AM_DEFAULT_VERBOSITY)'
AM_DEFAULT_VERBOSITY='1'
AM_V='$(V)'
AR='ar'
AUTOCONF='${SHELL} /home/martin/my_sip/cpputest/missing autoconf'
AUTOHEADER='${SHELL} /home/martin/my_sip/cpputest/missing autoheader'
AUTOMAKE='${SHELL} /home/martin/my_sip/cpputest/missing automake-1.14'
AWK='gawk'
CC='gcc'
CCDEPMODE='depmode=gcc3'
CFLAGS='-g -O2'
CPP='gcc -E'
CPPFLAGS=''
CPPUTEST_ADDITIONAL_CFLAGS=''
CPPUTEST_ADDITIONAL_CPPFLAGS=''
CPPUTEST_ADDITIONAL_CXXFLAGS=''
CPPUTEST_CFLAGS='  -Wall -Wextra -Wshadow -Wswitch-default -Wswitch-enum -Wconversion -pedantic -Wsign-conversion -Wno-disabled-macro-expansion -Wno-padded '
CPPUTEST_CPPFLAGS=' -include ./include/CppUTest/MemoryLeakDetectorMallocMacros.h -I ./include '
CPPUTEST_CXXFLAGS=' -include ./include/CppUTest/MemoryLeakDetectorNewMacros.h  -Wall -Wextra -Wshadow -Wswitch-default -Wswitch-enum -Wconversion -pedantic -Wsign-conversion -Woverloaded-virtual -Wno-disabled-macro-expansion -Wno-padded -Wno-global-constructors -Wno-exit-time-destructors -Wno-weak-vtables -Wno-old-style-cast '
CPPUTEST_HAS_CLANG='no'
CPPUTEST_HAS_DASH='yes'
CPPUTEST_HAS_GCC='yes'
CPPUTEST_HAS_LCOV='no'
CPPUTEST_HAS_VALGRIND='yes'
CPPUTEST_LDADD=''
CPPUTEST_LDFLAGS=''
CPPUTEST_ON_MACOSX=''
CPP_PLATFORM='Gcc'
CXX='g++'
CXXCPP='g++ -E'
CXXDEPMODE='depmode=gcc3'
CXXFLAGS='-g -O2'
CYGPATH_W='echo'
DEFS='-DHAVE_CONFIG_H'
DEPDIR='.deps'
DLLTOOL='false'
DSYMUTIL=''
DUMPBIN=''
ECHO_C=''
ECHO_N='-n'
ECHO_T=''
EGREP='/bin/grep -E'
EXEEXT=''
FGREP='/bin/grep -F'
GMOCK_HOME=''
GREP='/bin/grep'
INCLUDE_CPPUTEST_EXT=''
INCLUDE_CPPUTEST_EXT_FALSE='#'
INCLUDE_CPPUTEST_EXT_TRUE=''
INCLUDE_GMOCKTESTS_FALSE=''
INCLUDE_GMOCKTESTS_TRUE='#'
INSTALL_DATA='${INSTALL} -m 644'
INSTALL_PROGRAM='${INSTALL}'
INSTALL_SCRIPT='${INSTALL}'
INSTALL_STRIP_PROGRAM='$(install_sh) -c -s'
LD='/usr/bin/ld'
LDFLAGS=''
LIBOBJS=''
LIBS='   -lpthread'
LIBTOOL='$(SHELL) $(top_builddir)/libtool'
LIPO=''
LN_S='ln -s'
LTLIBOBJS=''
MAKEINFO='${SHELL} /home/martin/my_sip/cpputest/missing makeinfo'
MANIFEST_TOOL=':'
MKDIR_P='/bin/mkdir -p'
MOSTLYCLEANFILES=''
NM='/usr/bin/nm -B'
NMEDIT=''
OBJDUMP='objdump'
OBJEXT='o'
OTOOL64=''
OTOOL=''
PACKAGE='cpputest'
PACKAGE_BUGREPORT='https://github.com/cpputest/cpputest'
PACKAGE_NAME='CppUTest'
PACKAGE_STRING='CppUTest 3.7.1'
PACKAGE_TARNAME='cpputest'
PACKAGE_URL=''
PACKAGE_VERSION='3.7.1'
PATH_SEPARATOR=':'
PTHREAD_CC='gcc'
PTHREAD_CFLAGS='-pthread'
PTHREAD_LIBS=''
RANLIB='ranlib'
SED='/bin/sed'
SET_MAKE=''
SHELL='/bin/sh'
STRIP='strip'
TEST_COMPILER_IS_CLANG_FALSE=''
TEST_COMPILER_IS_CLANG_TRUE='#'
VERSION='3.7.1'
ac_ct_AR='ar'
ac_ct_CC='gcc'
ac_ct_CXX='g++'
ac_ct_DUMPBIN=''
acx_pthread_config=''
am__EXEEXT_FALSE=''
am__EXEEXT_TRUE='#'
am__fastdepCC_FALSE='#'
am__fastdepCC_TRUE=''
am__fastdepCXX_FALSE='#'
am__fastdepCXX_TRUE=''
am__include='include'
am__isrc=''
am__leading_dot='.'
am__nodep='_no'
am__quote=''
am__tar='$${TAR-tar} chof - "$$tardir"'
am__untar='$${TAR-tar} xf -'
bindir='${exec_prefix}/bin'
build='i686-pc-linux-gnu'
build_alias=''
build_cpu='i686'
build_os='linux-gnu'
build_vendor='pc'
datadir='${datarootdir}'
datarootdir='${prefix}/share'
docdir='${datarootdir}/doc/${PACKAGE_TARNAME}'
dvidir='${docdir}'
exec_prefix='${prefix}'
host='i686-pc-linux-gnu'
host_alias=''
host_cpu='i686'
host_os='linux-gnu'
host_vendor='pc'
htmldir='${docdir}'
includedir='${prefix}/include'
infodir='${datarootdir}/info'
install_sh='${SHELL} /home/martin/my_sip/cpputest/install-sh'
libdir='${exec_prefix}/lib'
libexecdir='${exec_prefix}/libexec'
localedir='${datarootdir}/locale'
localstatedir='${prefix}/var'
mandir='${datarootdir}/man'
mkdir_p='$(MKDIR_P)'
oldincludedir='/usr/include'
pdfdir='${docdir}'
prefix='/usr/local'
program_transform_name='s,x,x,'
psdir='${docdir}'
sbindir='${exec_prefix}/sbin'
sharedstatedir='${prefix}/com'
sysconfdir='${prefix}/etc'
target_alias=''

## ----------- ##
## confdefs.h. ##
## ----------- ##

/* confdefs.h */
#define PACKAGE_NAME "CppUTest"
#define PACKAGE_TARNAME "cpputest"
#define PACKAGE_VERSION "3.7.1"
#define PACKAGE_STRING "CppUTest 3.7.1"
#define PACKAGE_BUGREPORT "https://github.com/cpputest/cpputest"
#define PACKAGE_URL ""
#define PACKAGE "cpputest"
#define VERSION "3.7.1"
#define STDC_HEADERS 1
#define HAVE_SYS_TYPES_H 1
#define HAVE_SYS_STAT_H 1
#define HAVE_STDLIB_H 1
#define HAVE_STRING_H 1
#define HAVE_MEMORY_H 1
#define HAVE_STRINGS_H 1
#define HAVE_INTTYPES_H 1
#define HAVE_STDINT_H 1
#define HAVE_UNISTD_H 1
#define HAVE_DLFCN_H 1
#define LT_OBJDIR ".libs/"
#define HAVE_STDDEF_H 1
#define HAVE_STDINT_H 1
#define HAVE_STDLIB_H 1
#define HAVE_STRING_H 1
#define HAVE_SYS_TIME_H 1
#define HAVE_UNISTD_H 1
#define HAVE_FORK 1
#define HAVE_VFORK 1
#define HAVE_WORKING_VFORK 1
#define HAVE_WORKING_FORK 1
#define HAVE_GETTIMEOFDAY 1
#define HAVE_MEMSET 1
#define HAVE_STRSTR 1
#define CPPUTEST_COMPILATION 1

configure: exit 0
